<?xml version="1.0" encoding="UTF-8"?>
<coverage generated="1635309687351" clover="3.2.0">
  <project timestamp="1635309687351" name="All files">
    <metrics statements="15" coveredstatements="15" conditionals="20" coveredconditionals="20" methods="2" coveredmethods="2" elements="37" coveredelements="37" complexity="0" loc="15" ncloc="15" packages="1" files="1" classes="1"/>
    <file name="operations.js" path="D:\Users\yashbansal\Calculator\src\operations.js">
      <metrics statements="15" coveredstatements="15" conditionals="20" coveredconditionals="20" methods="2" coveredmethods="2"/>
      <line num="17" count="8" type="stmt"/>
      <line num="18" count="8" type="cond" truecount="6" falsecount="0"/>
      <line num="19" count="2" type="stmt"/>
      <line num="20" count="6" type="cond" truecount="4" falsecount="0"/>
      <line num="21" count="4" type="stmt"/>
      <line num="22" count="2" type="stmt"/>
      <line num="24" count="6" type="stmt"/>
      <line num="44" count="9" type="stmt"/>
      <line num="45" count="9" type="cond" truecount="6" falsecount="0"/>
      <line num="46" count="2" type="stmt"/>
      <line num="47" count="7" type="cond" truecount="4" falsecount="0"/>
      <line num="48" count="4" type="stmt"/>
      <line num="49" count="3" type="stmt"/>
      <line num="51" count="6" type="stmt"/>
      <line num="55" count="1" type="stmt"/>
    </file>
  </project>
</coverage>
