{"D:\\Users\\yashbansal\\Calculator\\src\\operations.js": {"path":"D:\\Users\\yashbansal\\Calculator\\src\\operations.js","statementMap":{"0":{"start":{"line":17,"column":2},"end":{"line":25,"column":3}},"1":{"start":{"line":18,"column":4},"end":{"line":19,"column":55}},"2":{"start":{"line":19,"column":6},"end":{"line":19,"column":55}},"3":{"start":{"line":20,"column":4},"end":{"line":21,"column":56}},"4":{"start":{"line":21,"column":6},"end":{"line":21,"column":56}},"5":{"start":{"line":22,"column":4},"end":{"line":22,"column":19}},"6":{"start":{"line":24,"column":4},"end":{"line":24,"column":16}},"7":{"start":{"line":44,"column":2},"end":{"line":52,"column":3}},"8":{"start":{"line":45,"column":4},"end":{"line":46,"column":55}},"9":{"start":{"line":46,"column":6},"end":{"line":46,"column":55}},"10":{"start":{"line":47,"column":4},"end":{"line":48,"column":56}},"11":{"start":{"line":48,"column":6},"end":{"line":48,"column":56}},"12":{"start":{"line":49,"column":4},"end":{"line":49,"column":19}},"13":{"start":{"line":51,"column":4},"end":{"line":51,"column":16}},"14":{"start":{"line":55,"column":0},"end":{"line":55,"column":38}}},"fnMap":{"0":{"name":"add","decl":{"start":{"line":16,"column":9},"end":{"line":16,"column":12}},"loc":{"start":{"line":16,"column":21},"end":{"line":26,"column":1}},"line":16},"1":{"name":"subtraction","decl":{"start":{"line":43,"column":9},"end":{"line":43,"column":20}},"loc":{"start":{"line":43,"column":29},"end":{"line":53,"column":1}},"line":43}},"branchMap":{"0":{"loc":{"start":{"line":18,"column":4},"end":{"line":19,"column":55}},"type":"if","locations":[{"start":{"line":18,"column":4},"end":{"line":19,"column":55}},{"start":{},"end":{}}],"line":18},"1":{"loc":{"start":{"line":18,"column":8},"end":{"line":18,"column":74}},"type":"binary-expr","locations":[{"start":{"line":18,"column":9},"end":{"line":18,"column":12}},{"start":{"line":18,"column":16},"end":{"line":18,"column":38}},{"start":{"line":18,"column":44},"end":{"line":18,"column":47}},{"start":{"line":18,"column":51},"end":{"line":18,"column":73}}],"line":18},"2":{"loc":{"start":{"line":20,"column":4},"end":{"line":21,"column":56}},"type":"if","locations":[{"start":{"line":20,"column":4},"end":{"line":21,"column":56}},{"start":{},"end":{}}],"line":20},"3":{"loc":{"start":{"line":20,"column":8},"end":{"line":20,"column":30}},"type":"binary-expr","locations":[{"start":{"line":20,"column":8},"end":{"line":20,"column":17}},{"start":{"line":20,"column":21},"end":{"line":20,"column":30}}],"line":20},"4":{"loc":{"start":{"line":45,"column":4},"end":{"line":46,"column":55}},"type":"if","locations":[{"start":{"line":45,"column":4},"end":{"line":46,"column":55}},{"start":{},"end":{}}],"line":45},"5":{"loc":{"start":{"line":45,"column":8},"end":{"line":45,"column":74}},"type":"binary-expr","locations":[{"start":{"line":45,"column":9},"end":{"line":45,"column":12}},{"start":{"line":45,"column":16},"end":{"line":45,"column":38}},{"start":{"line":45,"column":44},"end":{"line":45,"column":47}},{"start":{"line":45,"column":51},"end":{"line":45,"column":73}}],"line":45},"6":{"loc":{"start":{"line":47,"column":4},"end":{"line":48,"column":56}},"type":"if","locations":[{"start":{"line":47,"column":4},"end":{"line":48,"column":56}},{"start":{},"end":{}}],"line":47},"7":{"loc":{"start":{"line":47,"column":8},"end":{"line":47,"column":30}},"type":"binary-expr","locations":[{"start":{"line":47,"column":8},"end":{"line":47,"column":17}},{"start":{"line":47,"column":21},"end":{"line":47,"column":30}}],"line":47}},"s":{"0":8,"1":8,"2":2,"3":6,"4":4,"5":2,"6":6,"7":9,"8":9,"9":2,"10":7,"11":4,"12":3,"13":6,"14":1},"f":{"0":8,"1":9},"b":{"0":[2,6],"1":[8,1,7,1],"2":[4,2],"3":[6,3],"4":[2,7],"5":[9,1,8,1],"6":[4,3],"7":[7,4]},"_coverageSchema":"1a1c01bbd47fc00a2c39e90264f33305004495a9","hash":"190526469bf9dc1a1e92edd9ea4223c35e5031a1"}
}
