TN:
SF:src\operations.js
FN:16,add
FN:43,subtraction
FNF:2
FNH:2
FNDA:8,add
FNDA:9,subtraction
DA:17,8
DA:18,8
DA:19,2
DA:20,6
DA:21,4
DA:22,2
DA:24,6
DA:44,9
DA:45,9
DA:46,2
DA:47,7
DA:48,4
DA:49,3
DA:51,6
DA:55,1
LF:15
LH:15
BRDA:18,0,0,2
BRDA:18,0,1,6
BRDA:18,1,0,8
BRDA:18,1,1,1
BRDA:18,1,2,7
BRDA:18,1,3,1
BRDA:20,2,0,4
BRDA:20,2,1,2
BRDA:20,3,0,6
BRDA:20,3,1,3
BRDA:45,4,0,2
BRDA:45,4,1,7
BRDA:45,5,0,9
BRDA:45,5,1,1
BRDA:45,5,2,8
BRDA:45,5,3,1
BRDA:47,6,0,4
BRDA:47,6,1,3
BRDA:47,7,0,7
BRDA:47,7,1,4
BRF:20
BRH:20
end_of_record
